[startup-trace] t=349ms phase=app.ready
[startup-trace] t=350ms phase=service.bootstrap.installed
[startup-trace] t=350ms phase=args.parsed detail=windowed=false width=0 height=0
[startup-trace] t=352ms phase=engine.created
[startup-trace] t=477ms phase=managers.constructed
[startup-trace] t=477ms phase=qml.context.configured
[startup-trace] t=477ms phase=qml.load.begin
[startup-trace] t=501ms phase=qml.objectCreated detail=url=qrc:/qt/qml/Slm_Desktop/FastMain.qml created=true rootCount=1
[startup-trace] t=501ms phase=qml.load.end detail=rootCount=1
[startup-trace] t=501ms phase=window.snapshot.afterLoad detail=SLM Desktop Starting visible=1 exposed=0 size=500x500 type=0 | SLM Desktop visible=1 exposed=0 size=500x500 type=0
[startup-trace] t=501ms phase=eventloop.enter
[startup-trace] t=502ms phase=runtime.pulse.start detail=path=/tmp/slm-startup-1778590087245.log
[startup-trace] t=968ms phase=window.firstFrameSwapped detail=visible=true size=1853x985
[startup-trace] t=1004ms phase=app.stateChanged detail=state=4
[startup-trace] t=1004ms phase=window.focusChanged detail=SLM Desktop visible=1 exposed=1 size=1853x985 type=0
[startup-trace] t=1485ms phase=runtime.pulse detail=n=1 rootCount=1 windows=3 snapshot=SLM Desktop visible=0 exposed=0 size=1853x985 type=0 | Slm Desktop visible=1 exposed=1 size=1853x985 type=0 | SLM Crown Surface visible=1 exposed=1 size=1853x36 type=0
[startup-trace] t=1505ms phase=window.focusChanged detail=Slm Desktop visible=1 exposed=1 size=1853x985 type=0
[startup-trace] t=2487ms phase=runtime.pulse detail=n=2 rootCount=1 windows=5 snapshot=SLM Desktop visible=0 exposed=0 size=1853x985 type=0 | Slm Desktop visible=1 exposed=1 size=1853x985 type=0 | SLM Crown Surface visible=1 exposed=1 size=1853x36 type=0 | SLM AppDeck Surface visible=1 exposed=1 size=1853x985 type=0 | Join Wi-Fi Network visible=0 exposed=0 size=340x300 type=3
[startup-trace] t=3457ms phase=runtime.pulse detail=n=3 rootCount=1 windows=6 snapshot=SLM Desktop visible=0 exposed=0 size=1853x985 type=0 | Slm Desktop visible=1 exposed=1 size=1853x985 type=0 | SLM Crown Surface visible=1 exposed=1 size=1853x36 type=0 | SLM AppDeck Surface visible=1 exposed=1 size=1853x985 type=0 | Desktop Notification Manager visible=0 exposed=0 size=396x18 type=0 | Join Wi-Fi Network visible=0 exposed=0 size=340x317 type=3
[startup-trace] t=3960ms phase=service.spawn detail=desktopd/SLMCapabilities attempt=1
[startup-trace] t=3964ms phase=service.spawn detail=slm-clipboardd attempt=1
[startup-trace] t=3970ms phase=service.spawn detail=slm-recoveryd attempt=1
[startup-trace] t=3975ms phase=service.spawn detail=slm-devicesd attempt=1
[startup-trace] t=3975ms phase=service.bootstrap.started detail=count=5
[startup-trace] t=4457ms phase=runtime.pulse detail=n=4 rootCount=1 windows=6 snapshot=SLM Desktop visible=0 exposed=0 size=1853x985 type=0 | Slm Desktop visible=1 exposed=1 size=1853x985 type=0 | SLM Crown Surface visible=1 exposed=1 size=1853x36 type=0 | SLM AppDeck Surface visible=1 exposed=1 size=1853x985 type=0 | Desktop Notification Manager visible=0 exposed=0 size=396x18 type=0 | Join Wi-Fi Network visible=0 exposed=0 size=340x317 type=3
[startup-trace] t=5457ms phase=service.ready detail=desktopd/SLMCapabilities attempt=2
[startup-trace] t=5457ms phase=service.ready detail=slm-clipboardd attempt=2
[startup-trace] t=5458ms phase=service.ready detail=slm-recoveryd attempt=2
[startup-trace] t=5458ms phase=service.ready detail=slm-devicesd attempt=2
[startup-trace] t=5458ms phase=runtime.pulse detail=n=5 rootCount=1 windows=6 snapshot=SLM Desktop visible=0 exposed=0 size=1853x985 type=0 | Slm Desktop visible=1 exposed=1 size=1853x985 type=0 | SLM Crown Surface visible=1 exposed=1 size=1853x36 type=0 | SLM AppDeck Surface visible=1 exposed=1 size=1853x985 type=0 | Desktop Notification Manager visible=0 exposed=0 size=396x18 type=0 | Join Wi-Fi Network visible=0 exposed=0 size=340x317 type=3
[startup-trace] t=6458ms phase=runtime.pulse detail=n=6 rootCount=1 windows=6
[startup-trace] t=7457ms phase=runtime.pulse detail=n=7 rootCount=1 windows=6
[startup-trace] t=8457ms phase=runtime.pulse detail=n=8 rootCount=1 windows=6
[startup-trace] t=9457ms phase=runtime.pulse detail=n=9 rootCount=1 windows=6
[startup-trace] t=10602ms phase=runtime.pulse detail=n=10 rootCount=1 windows=6
[startup-trace] t=11458ms phase=runtime.pulse detail=n=11 rootCount=1 windows=6
[startup-trace] t=12468ms phase=runtime.pulse detail=n=12 rootCount=1 windows=6
[startup-trace] t=13456ms phase=runtime.pulse detail=n=13 rootCount=1 windows=6
[startup-trace] t=14457ms phase=runtime.pulse detail=n=14 rootCount=1 windows=6
[startup-trace] t=15459ms phase=runtime.pulse detail=n=15 rootCount=1 windows=6
[startup-trace] t=16457ms phase=runtime.pulse detail=n=16 rootCount=1 windows=6
[startup-trace] t=17457ms phase=runtime.pulse detail=n=17 rootCount=1 windows=6
[startup-trace] t=18457ms phase=runtime.pulse detail=n=18 rootCount=1 windows=6
[startup-trace] t=19457ms phase=runtime.pulse detail=n=19 rootCount=1 windows=6
[startup-trace] t=20603ms phase=service.gaveUp detail=slm-settingsd attempt=12
[startup-trace] t=20603ms phase=runtime.pulse detail=n=20 rootCount=1 windows=6
[startup-trace] t=20603ms phase=runtime.pulse.stop
[startup-trace] t=66435ms phase=app.stateChanged detail=state=2
[startup-trace] t=66435ms phase=window.focusChanged detail=null-window
