[startup-trace] t=140ms phase=app.ready
[startup-trace] t=141ms phase=service.bootstrap.installed
[startup-trace] t=141ms phase=args.parsed detail=windowed=false width=0 height=0
[startup-trace] t=144ms phase=engine.created
[startup-trace] t=285ms phase=managers.constructed
[startup-trace] t=286ms phase=qml.context.configured
[startup-trace] t=286ms phase=qml.load.begin
[startup-trace] t=362ms phase=qml.objectCreated detail=url=qrc:/qt/qml/Slm_Desktop/FastMain.qml created=true rootCount=1
[startup-trace] t=362ms phase=qml.load.end detail=rootCount=1
[startup-trace] t=362ms phase=window.snapshot.afterLoad detail=SLM Desktop Starting visible=1 exposed=0 size=500x500 type=0 | SLM Desktop visible=1 exposed=0 size=500x500 type=0
[startup-trace] t=362ms phase=eventloop.enter
[startup-trace] t=362ms phase=runtime.pulse.start detail=path=/tmp/slm-startup-1779320256152.log
[startup-trace] t=1354ms phase=window.firstFrameSwapped detail=visible=true size=1853x985
[startup-trace] t=1545ms phase=runtime.pulse detail=n=1 rootCount=1 windows=2 snapshot=SLM Desktop Starting visible=0 exposed=0 size=1853x985 type=0 | SLM Desktop visible=1 exposed=1 size=1853x985 type=0
[startup-trace] t=1568ms phase=app.stateChanged detail=state=4
[startup-trace] t=1569ms phase=window.focusChanged detail=SLM Desktop visible=1 exposed=1 size=1853x985 type=0
[startup-trace] t=2448ms phase=runtime.pulse detail=n=2 rootCount=1 windows=4 snapshot=SLM Desktop visible=0 exposed=0 size=1853x985 type=0 | Slm Desktop visible=1 exposed=1 size=1853x985 type=0 | SLM TopOverlay Power visible=1 exposed=1 size=560x58 type=11 | SLM Crown Surface visible=1 exposed=1 size=1853x36 type=0
[startup-trace] t=2634ms phase=window.focusChanged detail=SLM TopOverlay Power visible=1 exposed=1 size=560x58 type=11
[startup-trace] t=3944ms phase=runtime.pulse detail=n=3 rootCount=1 windows=5 snapshot=SLM Desktop visible=0 exposed=0 size=1853x985 type=0 | Slm Desktop visible=1 exposed=1 size=1853x985 type=0 | SLM TopOverlay Power visible=1 exposed=1 size=560x58 type=11 | SLM Crown Surface visible=1 exposed=1 size=1853x36 type=0 | SLM AppDeck Surface visible=1 exposed=1 size=1x1 type=0
[startup-trace] t=4163ms phase=runtime.pulse detail=n=4 rootCount=1 windows=5 snapshot=SLM Desktop visible=0 exposed=0 size=1853x985 type=0 | Slm Desktop visible=1 exposed=1 size=1853x985 type=0 | SLM TopOverlay Power visible=1 exposed=1 size=560x58 type=11 | SLM Crown Surface visible=1 exposed=1 size=1853x36 type=0 | SLM AppDeck Surface visible=1 exposed=1 size=428x138 type=0
[startup-trace] t=4205ms phase=service.ready detail=desktopd/SLMCapabilities attempt=1
[startup-trace] t=4206ms phase=service.ready detail=slm-clipboardd attempt=1
[startup-trace] t=4206ms phase=service.ready detail=slm-settingsd attempt=1
[startup-trace] t=4206ms phase=service.ready detail=slm-recoveryd attempt=1
[startup-trace] t=4206ms phase=service.ready detail=slm-devicesd attempt=1
[startup-trace] t=4206ms phase=service.bootstrap.started detail=count=5
[startup-trace] t=5127ms phase=runtime.pulse detail=n=5 rootCount=1 windows=7 snapshot=SLM Desktop visible=0 exposed=0 size=1853x985 type=0 | Slm Desktop visible=1 exposed=1 size=1853x985 type=0 | SLM TopOverlay Power visible=1 exposed=1 size=560x58 type=11 | SLM Crown Surface visible=1 exposed=1 size=1853x36 type=0 | SLM AppDeck Surface visible=1 exposed=1 size=428x138 type=0 | Desktop Notification Manager visible=0 exposed=0 size=396x18 type=0 | Join Wi-Fi Network visible=0 exposed=0 size=340x317 type=3
[startup-trace] t=6127ms phase=runtime.pulse detail=n=6 rootCount=1 windows=7
[startup-trace] t=7126ms phase=runtime.pulse detail=n=7 rootCount=1 windows=7
[startup-trace] t=8127ms phase=runtime.pulse detail=n=8 rootCount=1 windows=7 snapshot=SLM Desktop visible=0 exposed=0 size=1853x985 type=0 | Slm Desktop visible=1 exposed=1 size=1853x985 type=0 | SLM TopOverlay Power visible=1 exposed=1 size=560x58 type=11 | SLM Crown Surface visible=1 exposed=1 size=1853x36 type=0 | SLM AppDeck Surface visible=1 exposed=1 size=370x138 type=0 | Desktop Notification Manager visible=0 exposed=0 size=396x18 type=0 | Join Wi-Fi Network visible=0 exposed=0 size=340x317 type=3
[startup-trace] t=9127ms phase=runtime.pulse detail=n=9 rootCount=1 windows=7
[startup-trace] t=10129ms phase=runtime.pulse detail=n=10 rootCount=1 windows=7
[startup-trace] t=11126ms phase=runtime.pulse detail=n=11 rootCount=1 windows=7
[startup-trace] t=12127ms phase=runtime.pulse detail=n=12 rootCount=1 windows=7
[startup-trace] t=13127ms phase=runtime.pulse detail=n=13 rootCount=1 windows=7
[startup-trace] t=14127ms phase=runtime.pulse detail=n=14 rootCount=1 windows=7
[startup-trace] t=15127ms phase=runtime.pulse detail=n=15 rootCount=1 windows=7
[startup-trace] t=16127ms phase=runtime.pulse detail=n=16 rootCount=1 windows=7
[startup-trace] t=17131ms phase=runtime.pulse detail=n=17 rootCount=1 windows=7
[startup-trace] t=18127ms phase=runtime.pulse detail=n=18 rootCount=1 windows=7
[startup-trace] t=19127ms phase=runtime.pulse detail=n=19 rootCount=1 windows=7
[startup-trace] t=20127ms phase=runtime.pulse detail=n=20 rootCount=1 windows=7
[startup-trace] t=20127ms phase=runtime.pulse.stop
