===== 2026-05-20T01:27:16+07:00 slm-session-broker-launch start =====
uid=1000 gid=1000 user=garis
argv=--mode normal
XDG_SESSION_ID=c1
XDG_RUNTIME_DIR=/run/user/1000
XDG_SEAT=seat0
XDG_VTNR=7
PATH=/usr/local/sbin:/usr/local/bin:/usr/sbin:/usr/bin:/sbin:/bin:/usr/games:/usr/local/games:/snap/bin
[slm-session-broker][2026-05-20 01:27:17.029][INF] === slm-session-broker start (pid=1765) ===
[slm-session-broker][2026-05-20 01:27:17.030][INF] slm-session-broker: prev state — crashCount=0 lastBootStatus=healthy configPending=no lastMode=normal recoveryReason=<none> lastCrashReason=<none>
[slm-session-broker][2026-05-20 01:27:17.030][INF] slm-session-broker: crash counter: 0 → 1 (threshold=5, recovery_at>=5)
[slm-session-broker][2026-05-20 01:27:17.042][INF] config: path=/home/garis/.config/slm-desktop/config.json compositor=kwin_wayland
[slm-session-broker][2026-05-20 01:27:17.042][INF] SLM-SESSION: XDG_SESSION_ID=c1
[slm-session-broker][2026-05-20 01:27:17.042][INF] SLM-SESSION: env snapshot:
[slm-session-broker][2026-05-20 01:27:17.042][INF]   XDG_SESSION_ID=c1
[slm-session-broker][2026-05-20 01:27:17.042][INF]   XDG_SESSION_TYPE=wayland
[slm-session-broker][2026-05-20 01:27:17.042][INF]   XDG_SESSION_CLASS=user
[slm-session-broker][2026-05-20 01:27:17.042][INF]   XDG_SEAT=seat0
[slm-session-broker][2026-05-20 01:27:17.042][INF]   XDG_VTNR=7
[slm-session-broker][2026-05-20 01:27:17.042][INF]   XDG_RUNTIME_DIR=/run/user/1000
[slm-session-broker][2026-05-20 01:27:17.042][INF]   XDG_CURRENT_DESKTOP=SLM
[slm-session-broker][2026-05-20 01:27:17.042][INF]   DBUS_SESSION_BUS_ADDRESS=unix:path=/run/user/1000/bus
[slm-session-broker][2026-05-20 01:27:17.042][INF]   LIBSEAT_BACKEND=<unset>
[slm-session-broker][2026-05-20 01:27:17.079][INF] slm-session-broker: compatibility report: /home/garis/.config/slm-desktop/compatibility-report.json
[slm-session-broker][2026-05-20 01:27:17.079][WRN] slm-session-broker: platform compatibility warnings:
[slm-session-broker][2026-05-20 01:27:17.079][WRN]   - [wayland] wayland-0 not present yet in runtime dir: /run/user/1000/wayland-0
[slm-session-broker][2026-05-20 01:27:17.079][WRN]   - [portal] portal runtime check deferred until graphical environment is ready
[slm-session-broker][2026-05-20 01:27:17.079][INF] slm-session-broker: compatibility summary checks=6 failures=0 warnings=2
[slm-session-broker][2026-05-20 01:27:17.079][INF] slm-session-broker: startup mode = normal (requested = normal, crashes = 1)
[slm-session-broker][2026-05-20 01:27:17.086][INF] compositor: config env overrides: KWIN_COMPOSE=Q KWIN_FORCE_SW_CURSOR=1 LIBSEAT_BACKEND=logind QT_LOGGING_RULES=kwin*.debug=true;qt.qpa.wayland.debug=true;libwayland*.debug=true QT_MESSAGE_PATTERN=[%{time yyyy-MM-dd hh:mm:ss.zzz}] [%{type}] %{category}: %{message}
[slm-session-broker][2026-05-20 01:27:17.087][INF] compositor: drm_card=yes path=/dev/dri/card1 drm_render=yes path=/dev/dri/renderD128
[slm-session-broker][2026-05-20 01:27:17.087][INF] compositor: enabling KWin XWayland bridge for legacy/X11 apps
[slm-session-broker][2026-05-20 01:27:17.087][INF] compositor: KWIN_DRM_DEVICES=/dev/dri/card1 (auto)
[slm-session-broker][2026-05-20 01:27:17.087][INF] compositor: kwin socket flag '--socket' -> using fixed socket 'wayland-0'
[slm-session-broker][2026-05-20 01:27:17.087][INF] compositor: launching 'kwin_wayland' --no-lockscreen --xwayland --socket wayland-0 (backend=kwin strategy=fixed socket=wayland-0)
[slm-session-broker][2026-05-20 01:27:17.087][INF] compositor: log -> /tmp/slm-compositor.log
[slm-session-broker][2026-05-20 01:27:17.089][INF] compositor: started (pid=1924)
[slm-session-broker][2026-05-20 01:27:17.089][INF] compositor: waiting for fixed socket '/run/user/1000/wayland-0' (timeout 5000ms)…
[slm-session-broker][2026-05-20 01:27:17.491][INF] compositor: socket 'wayland-0' ready after 402ms
[slm-session-broker][2026-05-20 01:27:17.491][INF] compositor: waiting for XWayland display (timeout 2000ms)...
[slm-session-broker][2026-05-20 01:27:17.993][INF] compositor: XWayland display ':0' ready after 502ms
[slm-session-broker][2026-05-20 01:27:19.514][WRN] compositor: XAUTHORITY not found; X11 apps may fail authentication
[slm-session-broker][2026-05-20 01:27:19.523][INF] session: imported activation environment into systemd user manager (DBUS_SESSION_BUS_ADDRESS,DISPLAY,WAYLAND_DISPLAY,XDG_CURRENT_DESKTOP,XDG_SESSION_DESKTOP,XDG_SESSION_TYPE,XDG_RUNTIME_DIR)
[slm-session-broker][2026-05-20 01:27:19.528][INF] session: updated DBus/systemd activation environment
[slm-session-broker][2026-05-20 01:27:19.586][INF] session: portal prewarm ready (org.freedesktop.portal.Desktop reachable)
[slm-session-broker][2026-05-20 01:27:19.586][INF] shell env: WAYLAND_DISPLAY=wayland-0 DISPLAY=:0 XAUTHORITY= QT_QPA_PLATFORM=wayland XDG_SESSION_TYPE=wayland SLM_SESSION_MODE=normal
[slm-session-broker][2026-05-20 01:27:19.592][INF] shell: 'slm-shell' started (pid=2226)
[slm-session-broker][2026-05-20 01:27:19.595][INF] slm-session-broker: watchdog started (pid=2227)
[slm-session-broker][2026-05-20 01:27:19.595][INF] session: monitoring compositor and shell exits…
[slm-session-broker][2026-05-20 01:27:20.858][INF] session: first-frame healthy snapshot=20260519-182720-847
[slm-session-broker][2026-05-20 01:27:20.873][INF] session: first frame promoted session healthy (crash_count reset to 0)
