[startup-trace] t=94ms phase=app.ready
[startup-trace] t=95ms phase=service.bootstrap.installed
[startup-trace] t=95ms phase=args.parsed detail=windowed=false width=0 height=0
[startup-trace] t=105ms phase=engine.created
[startup-trace] t=201ms phase=managers.constructed
[startup-trace] t=201ms phase=qml.context.configured
[startup-trace] t=201ms phase=qml.load.begin
[startup-trace] t=290ms phase=qml.objectCreated detail=url=qrc:/qt/qml/Slm_Desktop/FastMain.qml created=true rootCount=1
[startup-trace] t=291ms phase=qml.load.end detail=rootCount=1
[startup-trace] t=291ms phase=window.snapshot.afterLoad detail=SLM Desktop Starting visible=1 exposed=0 size=500x500 type=0 | SLM Desktop visible=1 exposed=0 size=500x500 type=0
[startup-trace] t=291ms phase=eventloop.enter
[startup-trace] t=291ms phase=runtime.pulse.start detail=path=/tmp/slm-startup-1778753280893.log
[startup-trace] t=929ms phase=window.firstFrameSwapped detail=visible=true size=1397x734
[startup-trace] t=1142ms phase=app.stateChanged detail=state=4
[startup-trace] t=1143ms phase=window.focusChanged detail=SLM Desktop visible=1 exposed=1 size=1397x734 type=0
[startup-trace] t=1340ms phase=runtime.pulse detail=n=1 rootCount=1 windows=1 snapshot=SLM Desktop visible=1 exposed=1 size=1397x734 type=0
[startup-trace] t=1524ms phase=window.focusChanged detail=Slm Desktop visible=1 exposed=1 size=1397x734 type=0
[startup-trace] t=2651ms phase=runtime.pulse detail=n=2 rootCount=1 windows=4 snapshot=SLM Desktop visible=0 exposed=0 size=1397x734 type=0 | Slm Desktop visible=1 exposed=1 size=1397x734 type=0 | SLM Crown Surface visible=1 exposed=1 size=1397x36 type=0 | SLM AppDeck Surface visible=1 exposed=1 size=1397x734 type=0
[startup-trace] t=3408ms phase=runtime.pulse detail=n=3 rootCount=1 windows=6 snapshot=SLM Desktop visible=0 exposed=0 size=1397x734 type=0 | Slm Desktop visible=1 exposed=1 size=1397x734 type=0 | SLM Crown Surface visible=1 exposed=1 size=1397x36 type=0 | SLM AppDeck Surface visible=1 exposed=1 size=1397x734 type=0 | Desktop Notification Manager visible=0 exposed=0 size=396x18 type=0 | Join Wi-Fi Network visible=0 exposed=0 size=340x317 type=3
[startup-trace] t=3908ms phase=service.ready detail=desktopd/SLMCapabilities attempt=1
[startup-trace] t=3911ms phase=service.spawn detail=slm-clipboardd attempt=1
[startup-trace] t=3913ms phase=service.spawn detail=slm-recoveryd attempt=1
[startup-trace] t=3920ms phase=service.spawn detail=slm-devicesd attempt=1
[startup-trace] t=3920ms phase=service.bootstrap.started detail=count=5
[startup-trace] t=4408ms phase=runtime.pulse detail=n=4 rootCount=1 windows=6 snapshot=SLM Desktop visible=0 exposed=0 size=1397x734 type=0 | Slm Desktop visible=1 exposed=1 size=1397x734 type=0 | SLM Crown Surface visible=1 exposed=1 size=1397x36 type=0 | SLM AppDeck Surface visible=1 exposed=1 size=1397x734 type=0 | Desktop Notification Manager visible=0 exposed=0 size=396x18 type=0 | Join Wi-Fi Network visible=0 exposed=0 size=340x317 type=3
[startup-trace] t=4534ms phase=window.focusChanged detail=<untitled> visible=1 exposed=1 size=252x352 type=9
[startup-trace] t=5409ms phase=service.ready detail=slm-clipboardd attempt=2
[startup-trace] t=5409ms phase=service.ready detail=slm-recoveryd attempt=2
[startup-trace] t=5410ms phase=service.ready detail=slm-devicesd attempt=2
[startup-trace] t=5410ms phase=runtime.pulse detail=n=5 rootCount=1 windows=7 snapshot=SLM Desktop visible=0 exposed=0 size=1397x734 type=0 | Slm Desktop visible=1 exposed=1 size=1397x734 type=0 | SLM Crown Surface visible=1 exposed=1 size=1397x366 type=0 | SLM AppDeck Surface visible=1 exposed=1 size=1397x734 type=0 | Desktop Notification Manager visible=0 exposed=0 size=396x18 type=0 | Join Wi-Fi Network visible=0 exposed=0 size=340x317 type=3 | <untitled> visible=1 exposed=1 size=252x352 type=9
[startup-trace] t=6408ms phase=runtime.pulse detail=n=6 rootCount=1 windows=7
[startup-trace] t=7408ms phase=runtime.pulse detail=n=7 rootCount=1 windows=7
[startup-trace] t=8408ms phase=runtime.pulse detail=n=8 rootCount=1 windows=7
[startup-trace] t=8837ms phase=window.focusChanged detail=Slm Desktop visible=1 exposed=1 size=1397x734 type=0
[startup-trace] t=8846ms phase=window.focusChanged detail=SLM Security Overlay visible=1 exposed=1 size=1397x734 type=0
[startup-trace] t=9408ms phase=runtime.pulse detail=n=9 rootCount=1 windows=9 snapshot=SLM Desktop visible=0 exposed=0 size=1397x734 type=0 | Slm Desktop visible=1 exposed=1 size=1397x734 type=0 | SLM Crown Surface visible=0 exposed=0 size=1397x6 type=0 | SLM AppDeck Surface visible=0 exposed=0 size=1397x1 type=0 | Desktop Notification Manager visible=0 exposed=0 size=396x18 type=0 | Join Wi-Fi Network visible=0 exposed=0 size=340x317 type=3 | <untitled> visible=0 exposed=0 size=252x352 type=9 | SLM Security Overlay visible=1 exposed=1 size=1397x734 type=0 | SLM Security Overlay visible=1 exposed=1 size=1397x734 type=0
[startup-trace] t=10408ms phase=runtime.pulse detail=n=10 rootCount=1 windows=9
[startup-trace] t=11409ms phase=runtime.pulse detail=n=11 rootCount=1 windows=9
[startup-trace] t=12408ms phase=runtime.pulse detail=n=12 rootCount=1 windows=9
[startup-trace] t=13438ms phase=runtime.pulse detail=n=13 rootCount=1 windows=9
[startup-trace] t=14409ms phase=runtime.pulse detail=n=14 rootCount=1 windows=9
[startup-trace] t=15408ms phase=runtime.pulse detail=n=15 rootCount=1 windows=9
[startup-trace] t=16408ms phase=runtime.pulse detail=n=16 rootCount=1 windows=9
[startup-trace] t=17408ms phase=runtime.pulse detail=n=17 rootCount=1 windows=9
[startup-trace] t=18408ms phase=runtime.pulse detail=n=18 rootCount=1 windows=9
[startup-trace] t=19409ms phase=runtime.pulse detail=n=19 rootCount=1 windows=9
[startup-trace] t=20409ms phase=service.gaveUp detail=slm-settingsd attempt=12
[startup-trace] t=20409ms phase=runtime.pulse detail=n=20 rootCount=1 windows=9
[startup-trace] t=20409ms phase=runtime.pulse.stop
