[startup-trace] t=102ms phase=app.ready
[startup-trace] t=103ms phase=service.bootstrap.installed
[startup-trace] t=103ms phase=args.parsed detail=windowed=false width=0 height=0
[startup-trace] t=106ms phase=engine.created
[startup-trace] t=266ms phase=managers.constructed
[startup-trace] t=266ms phase=qml.context.configured
[startup-trace] t=266ms phase=qml.load.begin
[startup-trace] t=300ms phase=qml.objectCreated detail=url=qrc:/qt/qml/Slm_Desktop/FastMain.qml created=true rootCount=1
[startup-trace] t=300ms phase=qml.load.end detail=rootCount=1
[startup-trace] t=300ms phase=window.snapshot.afterLoad detail=SLM Desktop Starting visible=1 exposed=0 size=500x500 type=0 | SLM Desktop visible=1 exposed=0 size=500x500 type=0
[startup-trace] t=300ms phase=eventloop.enter
[startup-trace] t=300ms phase=runtime.pulse.start detail=path=/tmp/slm-startup-1779318198629.log
[startup-trace] t=1064ms phase=window.firstFrameSwapped detail=visible=true size=1853x985
[startup-trace] t=1318ms phase=app.stateChanged detail=state=4
[startup-trace] t=1318ms phase=window.focusChanged detail=SLM Desktop visible=1 exposed=1 size=1853x985 type=0
[startup-trace] t=1359ms phase=runtime.pulse detail=n=1 rootCount=1 windows=1 snapshot=SLM Desktop visible=1 exposed=1 size=1853x985 type=0
[startup-trace] t=2401ms phase=runtime.pulse detail=n=2 rootCount=1 windows=1 snapshot=SLM Desktop visible=1 exposed=1 size=1853x985 type=0
[startup-trace] t=3451ms phase=runtime.pulse detail=n=3 rootCount=1 windows=1 snapshot=SLM Desktop visible=1 exposed=1 size=1853x985 type=0
[startup-trace] t=4014ms phase=service.ready detail=desktopd/SLMCapabilities attempt=1
[startup-trace] t=4015ms phase=service.ready detail=slm-clipboardd attempt=1
[startup-trace] t=4015ms phase=service.ready detail=slm-settingsd attempt=1
[startup-trace] t=4015ms phase=service.ready detail=slm-recoveryd attempt=1
[startup-trace] t=4016ms phase=service.ready detail=slm-devicesd attempt=1
[startup-trace] t=4016ms phase=service.bootstrap.started detail=count=5
[startup-trace] t=4501ms phase=runtime.pulse detail=n=4 rootCount=1 windows=1 snapshot=SLM Desktop visible=1 exposed=1 size=1853x985 type=0
[startup-trace] t=5514ms phase=runtime.pulse detail=n=5 rootCount=1 windows=1 snapshot=SLM Desktop visible=1 exposed=1 size=1853x985 type=0
[startup-trace] t=6519ms phase=runtime.pulse detail=n=6 rootCount=1 windows=1
[startup-trace] t=7515ms phase=runtime.pulse detail=n=7 rootCount=1 windows=1
[startup-trace] t=8515ms phase=runtime.pulse detail=n=8 rootCount=1 windows=1
[startup-trace] t=9514ms phase=runtime.pulse detail=n=9 rootCount=1 windows=1
[startup-trace] t=10514ms phase=runtime.pulse detail=n=10 rootCount=1 windows=1
[startup-trace] t=11514ms phase=runtime.pulse detail=n=11 rootCount=1 windows=1
[startup-trace] t=12514ms phase=runtime.pulse detail=n=12 rootCount=1 windows=1
[startup-trace] t=13519ms phase=runtime.pulse detail=n=13 rootCount=1 windows=1
[startup-trace] t=14515ms phase=runtime.pulse detail=n=14 rootCount=1 windows=1
[startup-trace] t=15515ms phase=runtime.pulse detail=n=15 rootCount=1 windows=1
[startup-trace] t=16515ms phase=runtime.pulse detail=n=16 rootCount=1 windows=1
[startup-trace] t=17514ms phase=runtime.pulse detail=n=17 rootCount=1 windows=1
[startup-trace] t=18514ms phase=runtime.pulse detail=n=18 rootCount=1 windows=1
[startup-trace] t=19514ms phase=runtime.pulse detail=n=19 rootCount=1 windows=1
[startup-trace] t=20523ms phase=runtime.pulse detail=n=20 rootCount=1 windows=1
[startup-trace] t=20523ms phase=runtime.pulse.stop
