[startup-trace] t=201ms phase=app.ready
[startup-trace] t=202ms phase=service.bootstrap.installed
[startup-trace] t=203ms phase=args.parsed detail=windowed=false width=0 height=0
[startup-trace] t=205ms phase=engine.created
[startup-trace] t=375ms phase=managers.constructed
[startup-trace] t=375ms phase=qml.context.configured
[startup-trace] t=375ms phase=qml.load.begin
[startup-trace] t=475ms phase=qml.objectCreated detail=url=qrc:/qt/qml/Slm_Desktop/FastMain.qml created=true rootCount=1
[startup-trace] t=475ms phase=qml.load.end detail=rootCount=1
[startup-trace] t=475ms phase=window.snapshot.afterLoad detail=SLM Desktop Starting visible=1 exposed=0 size=500x500 type=0 | SLM Desktop visible=1 exposed=0 size=500x500 type=0
[startup-trace] t=475ms phase=eventloop.enter
[startup-trace] t=475ms phase=runtime.pulse.start detail=path=/tmp/slm-startup-1779373616283.log
[startup-trace] t=1372ms phase=window.firstFrameSwapped detail=visible=true size=1279x708
[startup-trace] t=1571ms phase=runtime.pulse detail=n=1 rootCount=1 windows=1 snapshot=SLM Desktop visible=1 exposed=1 size=1279x708 type=0
[startup-trace] t=1571ms phase=app.stateChanged detail=state=4
[startup-trace] t=1571ms phase=window.focusChanged detail=SLM Desktop visible=1 exposed=1 size=1279x708 type=0
[startup-trace] t=2618ms phase=window.focusChanged detail=SLM TopOverlay Power visible=1 exposed=1 size=560x58 type=11
[startup-trace] t=2637ms phase=runtime.pulse detail=n=2 rootCount=1 windows=4 snapshot=SLM Desktop visible=0 exposed=0 size=1279x708 type=0 | Slm Desktop visible=1 exposed=1 size=1279x708 type=0 | SLM TopOverlay Power visible=1 exposed=1 size=560x58 type=11 | SLM Crown Surface visible=1 exposed=1 size=1279x36 type=0
[startup-trace] t=-25195934ms phase=runtime.pulse detail=n=3 rootCount=1 windows=5 snapshot=SLM Desktop visible=0 exposed=0 size=1279x708 type=0 | Slm Desktop visible=1 exposed=1 size=1279x708 type=0 | SLM TopOverlay Power visible=1 exposed=1 size=560x58 type=11 | SLM Crown Surface visible=1 exposed=1 size=1279x36 type=0 | SLM AppDeck Surface visible=1 exposed=1 size=1x1 type=0
[startup-trace] t=-25195192ms phase=service.ready detail=desktopd/SLMCapabilities attempt=1
[startup-trace] t=-25195192ms phase=service.ready detail=slm-clipboardd attempt=1
[startup-trace] t=-25195191ms phase=service.ready detail=slm-settingsd attempt=1
[startup-trace] t=-25195191ms phase=service.ready detail=slm-recoveryd attempt=1
[startup-trace] t=-25195191ms phase=service.ready detail=slm-devicesd attempt=1
[startup-trace] t=-25195191ms phase=service.bootstrap.started detail=count=5
[startup-trace] t=-25195157ms phase=runtime.pulse detail=n=4 rootCount=1 windows=6 snapshot=SLM Desktop visible=0 exposed=0 size=1279x708 type=0 | Slm Desktop visible=1 exposed=1 size=1279x708 type=0 | SLM TopOverlay Power visible=1 exposed=1 size=560x58 type=11 | SLM Crown Surface visible=1 exposed=1 size=1279x36 type=0 | SLM AppDeck Surface visible=1 exposed=1 size=428x138 type=0 | Join Wi-Fi Network visible=0 exposed=0 size=340x317 type=3
[startup-trace] t=-25194157ms phase=runtime.pulse detail=n=5 rootCount=1 windows=7 snapshot=SLM Desktop visible=0 exposed=0 size=1279x708 type=0 | Slm Desktop visible=1 exposed=1 size=1279x708 type=0 | SLM TopOverlay Power visible=1 exposed=1 size=560x58 type=11 | SLM Crown Surface visible=1 exposed=1 size=1279x36 type=0 | SLM AppDeck Surface visible=1 exposed=1 size=428x138 type=0 | Join Wi-Fi Network visible=0 exposed=0 size=340x317 type=3 | Desktop Notification Manager visible=0 exposed=0 size=396x18 type=0
[startup-trace] t=-25193158ms phase=runtime.pulse detail=n=6 rootCount=1 windows=7
[startup-trace] t=-25192137ms phase=runtime.pulse detail=n=7 rootCount=1 windows=7 snapshot=SLM Desktop visible=0 exposed=0 size=1279x708 type=0 | Slm Desktop visible=1 exposed=1 size=1279x708 type=0 | SLM TopOverlay Power visible=1 exposed=1 size=560x58 type=11 | SLM Crown Surface visible=1 exposed=1 size=1279x36 type=0 | SLM AppDeck Surface visible=1 exposed=1 size=387x138 type=0 | Join Wi-Fi Network visible=0 exposed=0 size=340x317 type=3 | Desktop Notification Manager visible=0 exposed=0 size=396x18 type=0
[startup-trace] t=-25191158ms phase=runtime.pulse detail=n=8 rootCount=1 windows=7 snapshot=SLM Desktop visible=0 exposed=0 size=1279x708 type=0 | Slm Desktop visible=1 exposed=1 size=1279x708 type=0 | SLM TopOverlay Power visible=1 exposed=1 size=560x58 type=11 | SLM Crown Surface visible=1 exposed=1 size=1279x36 type=0 | SLM AppDeck Surface visible=1 exposed=1 size=370x138 type=0 | Join Wi-Fi Network visible=0 exposed=0 size=340x317 type=3 | Desktop Notification Manager visible=0 exposed=0 size=396x18 type=0
[startup-trace] t=-25190157ms phase=runtime.pulse detail=n=9 rootCount=1 windows=7
[startup-trace] t=-25189880ms phase=window.focusChanged detail=SLM AppDeck Surface visible=1 exposed=1 size=1279x708 type=0
[startup-trace] t=-25189014ms phase=runtime.pulse detail=n=10 rootCount=1 windows=7 snapshot=SLM Desktop visible=0 exposed=0 size=1279x708 type=0 | Slm Desktop visible=1 exposed=1 size=1279x708 type=0 | SLM TopOverlay Power visible=1 exposed=1 size=560x58 type=11 | SLM Crown Surface visible=1 exposed=1 size=1279x36 type=0 | SLM AppDeck Surface visible=1 exposed=1 size=1279x708 type=0 | Join Wi-Fi Network visible=0 exposed=0 size=340x317 type=3 | Desktop Notification Manager visible=0 exposed=0 size=396x18 type=0
[startup-trace] t=-25188157ms phase=runtime.pulse detail=n=11 rootCount=1 windows=7
[startup-trace] t=-25187157ms phase=runtime.pulse detail=n=12 rootCount=1 windows=7
[startup-trace] t=-25186157ms phase=runtime.pulse detail=n=13 rootCount=1 windows=7
[startup-trace] t=-25185158ms phase=runtime.pulse detail=n=14 rootCount=1 windows=7
[startup-trace] t=-25184157ms phase=runtime.pulse detail=n=15 rootCount=1 windows=7
[startup-trace] t=-25183157ms phase=runtime.pulse detail=n=16 rootCount=1 windows=7
[startup-trace] t=-25182157ms phase=runtime.pulse detail=n=17 rootCount=1 windows=7
[startup-trace] t=-25181157ms phase=runtime.pulse detail=n=18 rootCount=1 windows=7
[startup-trace] t=-25180157ms phase=runtime.pulse detail=n=19 rootCount=1 windows=7
[startup-trace] t=-25179014ms phase=runtime.pulse detail=n=20 rootCount=1 windows=7
[startup-trace] t=-25179014ms phase=runtime.pulse.stop
