[startup-trace] t=76ms phase=app.ready
[startup-trace] t=77ms phase=service.bootstrap.installed
[startup-trace] t=77ms phase=args.parsed detail=windowed=false width=0 height=0
[startup-trace] t=81ms phase=engine.created
[startup-trace] t=167ms phase=managers.constructed
[startup-trace] t=168ms phase=qml.context.configured
[startup-trace] t=168ms phase=qml.load.begin
[startup-trace] t=242ms phase=qml.objectCreated detail=url=qrc:/qt/qml/Slm_Desktop/FastMain.qml created=true rootCount=1
[startup-trace] t=242ms phase=qml.load.end detail=rootCount=1
[startup-trace] t=243ms phase=window.snapshot.afterLoad detail=SLM Desktop Starting visible=1 exposed=0 size=500x500 type=0 | SLM Desktop visible=1 exposed=0 size=500x500 type=0
[startup-trace] t=243ms phase=eventloop.enter
[startup-trace] t=243ms phase=runtime.pulse.start detail=path=/tmp/slm-startup-1778755634824.log
[startup-trace] t=866ms phase=window.firstFrameSwapped detail=visible=true size=1397x734
[startup-trace] t=1062ms phase=app.stateChanged detail=state=4
[startup-trace] t=1062ms phase=window.focusChanged detail=SLM Desktop visible=1 exposed=1 size=1397x734 type=0
[startup-trace] t=1192ms phase=runtime.pulse detail=n=1 rootCount=1 windows=1 snapshot=SLM Desktop visible=1 exposed=1 size=1397x734 type=0
[startup-trace] t=1438ms phase=window.focusChanged detail=Slm Desktop visible=1 exposed=1 size=1397x734 type=0
[startup-trace] t=2326ms phase=runtime.pulse detail=n=2 rootCount=1 windows=5 snapshot=SLM Desktop visible=0 exposed=0 size=1397x734 type=0 | Slm Desktop visible=1 exposed=1 size=1397x734 type=0 | SLM Crown Surface visible=1 exposed=1 size=1397x36 type=0 | SLM AppDeck Surface visible=1 exposed=0 size=1397x734 type=0 | <untitled> visible=0 exposed=0 size=340x300 type=1
[startup-trace] t=3092ms phase=runtime.pulse detail=n=3 rootCount=1 windows=7 snapshot=SLM Desktop visible=0 exposed=0 size=1397x734 type=0 | Slm Desktop visible=1 exposed=1 size=1397x734 type=0 | SLM Crown Surface visible=1 exposed=1 size=1397x36 type=0 | SLM AppDeck Surface visible=1 exposed=1 size=1397x734 type=0 | <untitled> visible=0 exposed=0 size=340x300 type=1 | Join Wi-Fi Network visible=0 exposed=0 size=340x317 type=3 | Desktop Notification Manager visible=0 exposed=0 size=396x18 type=0
[startup-trace] t=3998ms phase=service.ready detail=desktopd/SLMCapabilities attempt=1
[startup-trace] t=4000ms phase=service.spawn detail=slm-clipboardd attempt=1
[startup-trace] t=4005ms phase=service.spawn detail=slm-recoveryd attempt=1
[startup-trace] t=4007ms phase=service.spawn detail=slm-devicesd attempt=1
[startup-trace] t=4007ms phase=service.bootstrap.started detail=count=5
[startup-trace] t=4043ms phase=runtime.pulse detail=n=4 rootCount=1 windows=7 snapshot=SLM Desktop visible=0 exposed=0 size=1397x734 type=0 | Slm Desktop visible=1 exposed=1 size=1397x734 type=0 | SLM Crown Surface visible=1 exposed=1 size=1397x36 type=0 | SLM AppDeck Surface visible=1 exposed=1 size=1397x734 type=0 | <untitled> visible=0 exposed=0 size=340x300 type=1 | Join Wi-Fi Network visible=0 exposed=0 size=340x317 type=3 | Desktop Notification Manager visible=0 exposed=0 size=396x18 type=0
[startup-trace] t=4997ms phase=runtime.pulse detail=n=5 rootCount=1 windows=7 snapshot=SLM Desktop visible=0 exposed=0 size=1397x734 type=0 | Slm Desktop visible=1 exposed=1 size=1397x734 type=0 | SLM Crown Surface visible=1 exposed=1 size=1397x36 type=0 | SLM AppDeck Surface visible=1 exposed=1 size=1397x734 type=0 | <untitled> visible=0 exposed=0 size=340x300 type=1 | Join Wi-Fi Network visible=0 exposed=0 size=340x317 type=3 | Desktop Notification Manager visible=0 exposed=0 size=396x18 type=0
[startup-trace] t=5497ms phase=service.ready detail=slm-clipboardd attempt=2
[startup-trace] t=5498ms phase=service.ready detail=slm-recoveryd attempt=2
[startup-trace] t=5498ms phase=service.ready detail=slm-devicesd attempt=2
[startup-trace] t=5997ms phase=runtime.pulse detail=n=6 rootCount=1 windows=7
[startup-trace] t=6998ms phase=runtime.pulse detail=n=7 rootCount=1 windows=7
[startup-trace] t=7997ms phase=runtime.pulse detail=n=8 rootCount=1 windows=7
[startup-trace] t=8997ms phase=runtime.pulse detail=n=9 rootCount=1 windows=7
[startup-trace] t=10144ms phase=runtime.pulse detail=n=10 rootCount=1 windows=7
[startup-trace] t=10996ms phase=runtime.pulse detail=n=11 rootCount=1 windows=7
[startup-trace] t=11997ms phase=runtime.pulse detail=n=12 rootCount=1 windows=7
[startup-trace] t=12627ms phase=window.focusChanged detail=<untitled> visible=1 exposed=1 size=252x352 type=9
[startup-trace] t=12997ms phase=runtime.pulse detail=n=13 rootCount=1 windows=8 snapshot=SLM Desktop visible=0 exposed=0 size=1397x734 type=0 | Slm Desktop visible=1 exposed=1 size=1397x734 type=0 | SLM Crown Surface visible=1 exposed=1 size=1397x366 type=0 | SLM AppDeck Surface visible=1 exposed=1 size=1397x734 type=0 | <untitled> visible=0 exposed=0 size=340x300 type=1 | Join Wi-Fi Network visible=0 exposed=0 size=340x317 type=3 | Desktop Notification Manager visible=0 exposed=0 size=396x18 type=0 | <untitled> visible=1 exposed=1 size=252x352 type=9
[startup-trace] t=13997ms phase=runtime.pulse detail=n=14 rootCount=1 windows=8
[startup-trace] t=14514ms phase=window.focusChanged detail=Slm Desktop visible=1 exposed=1 size=1397x734 type=0
[startup-trace] t=14998ms phase=runtime.pulse detail=n=15 rootCount=1 windows=8 snapshot=SLM Desktop visible=0 exposed=0 size=1397x734 type=0 | Slm Desktop visible=1 exposed=1 size=1397x734 type=0 | SLM Crown Surface visible=1 exposed=1 size=1397x36 type=0 | SLM AppDeck Surface visible=1 exposed=1 size=1397x734 type=0 | <untitled> visible=0 exposed=0 size=340x300 type=1 | Join Wi-Fi Network visible=0 exposed=0 size=340x317 type=3 | Desktop Notification Manager visible=0 exposed=0 size=396x18 type=0 | <untitled> visible=0 exposed=0 size=252x352 type=9
[startup-trace] t=15998ms phase=runtime.pulse detail=n=16 rootCount=1 windows=8
[startup-trace] t=17009ms phase=runtime.pulse detail=n=17 rootCount=1 windows=8
[startup-trace] t=17998ms phase=runtime.pulse detail=n=18 rootCount=1 windows=8
[startup-trace] t=18997ms phase=runtime.pulse detail=n=19 rootCount=1 windows=8
[startup-trace] t=20136ms phase=runtime.pulse detail=n=20 rootCount=1 windows=8
[startup-trace] t=20136ms phase=runtime.pulse.stop
[startup-trace] t=20498ms phase=service.gaveUp detail=slm-settingsd attempt=12
