[startup-trace] t=153ms phase=app.ready
[startup-trace] t=154ms phase=service.bootstrap.installed
[startup-trace] t=154ms phase=args.parsed detail=windowed=false width=0 height=0
[startup-trace] t=164ms phase=engine.created
[startup-trace] t=317ms phase=managers.constructed
[startup-trace] t=317ms phase=qml.context.configured
[startup-trace] t=317ms phase=qml.load.begin
[startup-trace] t=402ms phase=qml.objectCreated detail=url=qrc:/qt/qml/Slm_Desktop/FastMain.qml created=true rootCount=1
[startup-trace] t=402ms phase=qml.load.end detail=rootCount=1
[startup-trace] t=402ms phase=window.snapshot.afterLoad detail=SLM Desktop Starting visible=1 exposed=0 size=500x500 type=0 | SLM Desktop visible=1 exposed=0 size=500x500 type=0
[startup-trace] t=402ms phase=eventloop.enter
[startup-trace] t=402ms phase=runtime.pulse.start detail=path=/tmp/slm-startup-1779317270754.log
[startup-trace] t=1408ms phase=window.firstFrameSwapped detail=visible=true size=1853x985
[startup-trace] t=1550ms phase=runtime.pulse detail=n=1 rootCount=1 windows=2 snapshot=SLM Desktop Starting visible=0 exposed=0 size=1853x985 type=0 | SLM Desktop visible=1 exposed=1 size=1853x985 type=0
[startup-trace] t=1636ms phase=app.stateChanged detail=state=4
[startup-trace] t=1637ms phase=window.focusChanged detail=SLM Desktop visible=1 exposed=1 size=1853x985 type=0
[startup-trace] t=2559ms phase=runtime.pulse detail=n=2 rootCount=1 windows=4 snapshot=SLM Desktop visible=0 exposed=0 size=1853x985 type=0 | Slm Desktop visible=1 exposed=1 size=1853x985 type=0 | SLM TopOverlay Power visible=1 exposed=1 size=560x58 type=11 | SLM Crown Surface visible=1 exposed=1 size=1853x36 type=0
[startup-trace] t=2754ms phase=window.focusChanged detail=SLM TopOverlay Power visible=1 exposed=1 size=560x58 type=11
[startup-trace] t=3844ms phase=runtime.pulse detail=n=3 rootCount=1 windows=6 snapshot=SLM Desktop visible=0 exposed=0 size=1853x985 type=0 | Slm Desktop visible=1 exposed=1 size=1853x985 type=0 | SLM TopOverlay Power visible=1 exposed=1 size=560x58 type=11 | SLM Crown Surface visible=1 exposed=1 size=1853x36 type=0 | Join Wi-Fi Network visible=0 exposed=0 size=340x317 type=3 | SLM AppDeck Surface visible=1 exposed=0 size=370x138 type=0
[startup-trace] t=4390ms phase=service.ready detail=desktopd/SLMCapabilities attempt=1
[startup-trace] t=4391ms phase=service.ready detail=slm-clipboardd attempt=1
[startup-trace] t=4391ms phase=service.ready detail=slm-settingsd attempt=1
[startup-trace] t=4391ms phase=service.ready detail=slm-recoveryd attempt=1
[startup-trace] t=4392ms phase=service.ready detail=slm-devicesd attempt=1
[startup-trace] t=4392ms phase=service.bootstrap.started detail=count=5
[startup-trace] t=4392ms phase=runtime.pulse detail=n=4 rootCount=1 windows=6 snapshot=SLM Desktop visible=0 exposed=0 size=1853x985 type=0 | Slm Desktop visible=1 exposed=1 size=1853x985 type=0 | SLM TopOverlay Power visible=1 exposed=1 size=560x58 type=11 | SLM Crown Surface visible=1 exposed=1 size=1853x36 type=0 | SLM AppDeck Surface visible=1 exposed=1 size=370x138 type=0 | Join Wi-Fi Network visible=0 exposed=0 size=340x317 type=3
[startup-trace] t=5389ms phase=runtime.pulse detail=n=5 rootCount=1 windows=7 snapshot=SLM Desktop visible=0 exposed=0 size=1853x985 type=0 | Slm Desktop visible=1 exposed=1 size=1853x985 type=0 | SLM TopOverlay Power visible=1 exposed=1 size=560x58 type=11 | SLM Crown Surface visible=1 exposed=1 size=1853x36 type=0 | SLM AppDeck Surface visible=1 exposed=1 size=370x138 type=0 | Join Wi-Fi Network visible=0 exposed=0 size=340x317 type=3 | Desktop Notification Manager visible=0 exposed=0 size=396x18 type=0
[startup-trace] t=6390ms phase=runtime.pulse detail=n=6 rootCount=1 windows=7
[startup-trace] t=7409ms phase=runtime.pulse detail=n=7 rootCount=1 windows=7 snapshot=SLM Desktop visible=0 exposed=0 size=1853x985 type=0 | Slm Desktop visible=1 exposed=1 size=1853x985 type=0 | SLM TopOverlay Power visible=1 exposed=1 size=560x58 type=11 | SLM Crown Surface visible=1 exposed=1 size=1853x36 type=0 | SLM AppDeck Surface visible=1 exposed=1 size=361x138 type=0 | Join Wi-Fi Network visible=0 exposed=0 size=340x317 type=3 | Desktop Notification Manager visible=0 exposed=0 size=396x18 type=0
[startup-trace] t=8389ms phase=runtime.pulse detail=n=8 rootCount=1 windows=7 snapshot=SLM Desktop visible=0 exposed=0 size=1853x985 type=0 | Slm Desktop visible=1 exposed=1 size=1853x985 type=0 | SLM TopOverlay Power visible=1 exposed=1 size=560x58 type=11 | SLM Crown Surface visible=1 exposed=1 size=1853x36 type=0 | SLM AppDeck Surface visible=1 exposed=1 size=330x138 type=0 | Join Wi-Fi Network visible=0 exposed=0 size=340x317 type=3 | Desktop Notification Manager visible=0 exposed=0 size=396x18 type=0
[startup-trace] t=9389ms phase=runtime.pulse detail=n=9 rootCount=1 windows=7
[startup-trace] t=10389ms phase=runtime.pulse detail=n=10 rootCount=1 windows=7
[startup-trace] t=11389ms phase=runtime.pulse detail=n=11 rootCount=1 windows=7
[startup-trace] t=12389ms phase=runtime.pulse detail=n=12 rootCount=1 windows=7
[startup-trace] t=13389ms phase=runtime.pulse detail=n=13 rootCount=1 windows=7
[startup-trace] t=14389ms phase=runtime.pulse detail=n=14 rootCount=1 windows=7
[startup-trace] t=15389ms phase=runtime.pulse detail=n=15 rootCount=1 windows=7
[startup-trace] t=16389ms phase=runtime.pulse detail=n=16 rootCount=1 windows=7
[startup-trace] t=17389ms phase=runtime.pulse detail=n=17 rootCount=1 windows=7
[startup-trace] t=18389ms phase=runtime.pulse detail=n=18 rootCount=1 windows=7
[startup-trace] t=19389ms phase=runtime.pulse detail=n=19 rootCount=1 windows=7
[startup-trace] t=20389ms phase=runtime.pulse detail=n=20 rootCount=1 windows=7
[startup-trace] t=20389ms phase=runtime.pulse.stop
[startup-trace] t=30931ms phase=window.focusChanged detail=<untitled> visible=1 exposed=1 size=252x352 type=9
[startup-trace] t=34712ms phase=window.focusChanged detail=SLM TopOverlay Power visible=1 exposed=1 size=560x58 type=11
[startup-trace] t=34713ms phase=window.focusChanged detail=SLM Security Overlay visible=1 exposed=1 size=1853x985 type=0
[startup-trace] t=49002ms phase=window.focusChanged detail=SLM TopOverlay Power visible=1 exposed=1 size=560x58 type=11
[startup-trace] t=355312ms phase=window.focusChanged detail=Slm Desktop visible=1 exposed=1 size=1853x985 type=0
[startup-trace] t=367523ms phase=window.focusChanged detail=SLM AppDeck Surface visible=1 exposed=1 size=1853x985 type=0
[startup-trace] t=394606ms phase=app.stateChanged detail=state=2
[startup-trace] t=394607ms phase=window.focusChanged detail=null-window
[startup-trace] t=400267ms phase=app.stateChanged detail=state=4
[startup-trace] t=400267ms phase=window.focusChanged detail=Slm Desktop visible=1 exposed=1 size=1853x985 type=0
[startup-trace] t=502493ms phase=window.focusChanged detail=SLM AppDeck Surface visible=1 exposed=1 size=1853x985 type=0
