[startup-trace] t=342ms phase=app.ready
[startup-trace] t=343ms phase=service.bootstrap.installed
[startup-trace] t=344ms phase=args.parsed detail=windowed=false width=0 height=0
[startup-trace] t=346ms phase=engine.created
[startup-trace] t=454ms phase=managers.constructed
[startup-trace] t=454ms phase=qml.context.configured
[startup-trace] t=454ms phase=qml.load.begin
[startup-trace] t=490ms phase=qml.objectCreated detail=url=qrc:/qt/qml/Slm_Desktop/FastMain.qml created=true rootCount=1
[startup-trace] t=490ms phase=qml.load.end detail=rootCount=1
[startup-trace] t=490ms phase=window.snapshot.afterLoad detail=SLM Desktop Starting visible=1 exposed=0 size=500x500 type=0 | SLM Desktop visible=1 exposed=0 size=500x500 type=0
[startup-trace] t=491ms phase=eventloop.enter
[startup-trace] t=491ms phase=runtime.pulse.start detail=path=/tmp/slm-startup-1778587949788.log
[startup-trace] t=1021ms phase=window.firstFrameSwapped detail=visible=true size=1200x594
[startup-trace] t=1035ms phase=app.stateChanged detail=state=4
[startup-trace] t=1035ms phase=window.focusChanged detail=SLM Desktop visible=1 exposed=1 size=1200x594 type=0
[startup-trace] t=1579ms phase=runtime.pulse detail=n=1 rootCount=1 windows=3 snapshot=SLM Desktop visible=0 exposed=0 size=1200x594 type=0 | Slm Desktop visible=1 exposed=0 size=1200x594 type=0 | SLM Crown Surface visible=1 exposed=0 size=1200x36 type=0
[startup-trace] t=1613ms phase=window.focusChanged detail=Slm Desktop visible=1 exposed=1 size=1200x594 type=0
[startup-trace] t=2536ms phase=runtime.pulse detail=n=2 rootCount=1 windows=4 snapshot=SLM Desktop visible=0 exposed=0 size=1200x594 type=0 | Slm Desktop visible=1 exposed=1 size=1200x600 type=0 | SLM Crown Surface visible=1 exposed=1 size=1200x36 type=0 | SLM AppDeck Surface visible=1 exposed=1 size=1200x594 type=0
[startup-trace] t=3530ms phase=runtime.pulse detail=n=3 rootCount=1 windows=6 snapshot=SLM Desktop visible=0 exposed=0 size=1200x594 type=0 | Slm Desktop visible=1 exposed=1 size=1200x600 type=0 | SLM Crown Surface visible=1 exposed=1 size=1200x36 type=0 | SLM AppDeck Surface visible=1 exposed=1 size=1200x594 type=0 | Join Wi-Fi Network visible=0 exposed=0 size=340x317 type=3 | Desktop Notification Manager visible=0 exposed=0 size=396x18 type=0
[startup-trace] t=4072ms phase=service.spawn detail=desktopd/SLMCapabilities attempt=1
[startup-trace] t=4074ms phase=service.spawn detail=slm-clipboardd attempt=1
[startup-trace] t=4082ms phase=service.spawn detail=slm-recoveryd attempt=1
[startup-trace] t=4084ms phase=service.spawn detail=slm-devicesd attempt=1
[startup-trace] t=4084ms phase=service.bootstrap.started detail=count=5
[startup-trace] t=4530ms phase=runtime.pulse detail=n=4 rootCount=1 windows=6 snapshot=SLM Desktop visible=0 exposed=0 size=1200x594 type=0 | Slm Desktop visible=1 exposed=1 size=1200x600 type=0 | SLM Crown Surface visible=1 exposed=1 size=1200x36 type=0 | SLM AppDeck Surface visible=1 exposed=1 size=1200x594 type=0 | Join Wi-Fi Network visible=0 exposed=0 size=340x317 type=3 | Desktop Notification Manager visible=0 exposed=0 size=396x18 type=0
[startup-trace] t=5531ms phase=service.ready detail=desktopd/SLMCapabilities attempt=2
[startup-trace] t=5531ms phase=service.ready detail=slm-clipboardd attempt=2
[startup-trace] t=5532ms phase=service.ready detail=slm-recoveryd attempt=2
[startup-trace] t=5532ms phase=service.ready detail=slm-devicesd attempt=2
[startup-trace] t=5533ms phase=runtime.pulse detail=n=5 rootCount=1 windows=6 snapshot=SLM Desktop visible=0 exposed=0 size=1200x594 type=0 | Slm Desktop visible=1 exposed=1 size=1200x600 type=0 | SLM Crown Surface visible=1 exposed=1 size=1200x36 type=0 | SLM AppDeck Surface visible=1 exposed=1 size=1200x594 type=0 | Join Wi-Fi Network visible=0 exposed=0 size=340x317 type=3 | Desktop Notification Manager visible=0 exposed=0 size=396x18 type=0
[startup-trace] t=6530ms phase=runtime.pulse detail=n=6 rootCount=1 windows=6
[startup-trace] t=7534ms phase=runtime.pulse detail=n=7 rootCount=1 windows=6
[startup-trace] t=8531ms phase=runtime.pulse detail=n=8 rootCount=1 windows=6
[startup-trace] t=9531ms phase=runtime.pulse detail=n=9 rootCount=1 windows=6
[startup-trace] t=10530ms phase=runtime.pulse detail=n=10 rootCount=1 windows=6
[startup-trace] t=11531ms phase=runtime.pulse detail=n=11 rootCount=1 windows=6
[startup-trace] t=12531ms phase=runtime.pulse detail=n=12 rootCount=1 windows=6
[startup-trace] t=13530ms phase=runtime.pulse detail=n=13 rootCount=1 windows=6
[startup-trace] t=14531ms phase=runtime.pulse detail=n=14 rootCount=1 windows=6
[startup-trace] t=15531ms phase=runtime.pulse detail=n=15 rootCount=1 windows=6
[startup-trace] t=16531ms phase=runtime.pulse detail=n=16 rootCount=1 windows=6
[startup-trace] t=17531ms phase=runtime.pulse detail=n=17 rootCount=1 windows=6
[startup-trace] t=18531ms phase=runtime.pulse detail=n=18 rootCount=1 windows=6
[startup-trace] t=19530ms phase=runtime.pulse detail=n=19 rootCount=1 windows=6
[startup-trace] t=20532ms phase=service.gaveUp detail=slm-settingsd attempt=12
[startup-trace] t=20532ms phase=runtime.pulse detail=n=20 rootCount=1 windows=6
[startup-trace] t=20532ms phase=runtime.pulse.stop
