[startup-trace] t=295ms phase=app.ready
[startup-trace] t=297ms phase=service.bootstrap.installed
[startup-trace] t=297ms phase=args.parsed detail=windowed=false width=0 height=0
[startup-trace] t=299ms phase=engine.created
[startup-trace] t=405ms phase=managers.constructed
[startup-trace] t=405ms phase=qml.context.configured
[startup-trace] t=405ms phase=qml.load.begin
[startup-trace] t=429ms phase=qml.objectCreated detail=url=qrc:/qt/qml/Slm_Desktop/FastMain.qml created=true rootCount=1
[startup-trace] t=429ms phase=qml.load.end detail=rootCount=1
[startup-trace] t=429ms phase=window.snapshot.afterLoad detail=SLM Desktop Starting visible=1 exposed=0 size=500x500 type=0 | SLM Desktop visible=1 exposed=0 size=500x500 type=0
[startup-trace] t=429ms phase=eventloop.enter
[startup-trace] t=429ms phase=runtime.pulse.start detail=path=/tmp/slm-startup-1778620685811.log
[startup-trace] t=920ms phase=window.firstFrameSwapped detail=visible=true size=640x480
[startup-trace] t=930ms phase=app.stateChanged detail=state=4
[startup-trace] t=930ms phase=window.focusChanged detail=SLM Desktop visible=1 exposed=1 size=640x480 type=0
[startup-trace] t=1422ms phase=runtime.pulse detail=n=1 rootCount=1 windows=3 snapshot=SLM Desktop visible=0 exposed=0 size=640x480 type=0 | Slm Desktop visible=1 exposed=0 size=640x480 type=0 | SLM Crown Surface visible=1 exposed=0 size=640x36 type=0
[startup-trace] t=1441ms phase=window.focusChanged detail=Slm Desktop visible=1 exposed=1 size=640x480 type=0
[startup-trace] t=2454ms phase=runtime.pulse detail=n=2 rootCount=1 windows=5 snapshot=SLM Desktop visible=0 exposed=0 size=640x480 type=0 | Slm Desktop visible=1 exposed=1 size=960x600 type=0 | SLM Crown Surface visible=1 exposed=1 size=960x36 type=0 | SLM AppDeck Surface visible=1 exposed=1 size=640x480 type=0 | Join Wi-Fi Network visible=0 exposed=0 size=340x300 type=3
[startup-trace] t=3368ms phase=runtime.pulse detail=n=3 rootCount=1 windows=6 snapshot=SLM Desktop visible=0 exposed=0 size=640x480 type=0 | Slm Desktop visible=1 exposed=1 size=960x600 type=0 | SLM Crown Surface visible=1 exposed=1 size=960x36 type=0 | SLM AppDeck Surface visible=1 exposed=1 size=640x480 type=0 | Join Wi-Fi Network visible=0 exposed=0 size=340x317 type=3 | Desktop Notification Manager visible=0 exposed=0 size=396x18 type=0
[startup-trace] t=3870ms phase=service.spawn detail=desktopd/SLMCapabilities attempt=1
[startup-trace] t=3871ms phase=service.spawn detail=slm-clipboardd attempt=1
[startup-trace] t=3878ms phase=service.spawn detail=slm-recoveryd attempt=1
[startup-trace] t=3882ms phase=service.spawn detail=slm-devicesd attempt=1
[startup-trace] t=3882ms phase=service.bootstrap.started detail=count=5
[startup-trace] t=4368ms phase=runtime.pulse detail=n=4 rootCount=1 windows=6 snapshot=SLM Desktop visible=0 exposed=0 size=640x480 type=0 | Slm Desktop visible=1 exposed=1 size=960x600 type=0 | SLM Crown Surface visible=1 exposed=1 size=960x36 type=0 | SLM AppDeck Surface visible=1 exposed=1 size=640x480 type=0 | Join Wi-Fi Network visible=0 exposed=0 size=340x317 type=3 | Desktop Notification Manager visible=0 exposed=0 size=396x18 type=0
[startup-trace] t=5368ms phase=service.ready detail=desktopd/SLMCapabilities attempt=2
[startup-trace] t=5369ms phase=service.ready detail=slm-clipboardd attempt=2
[startup-trace] t=5370ms phase=service.ready detail=slm-recoveryd attempt=2
[startup-trace] t=5370ms phase=service.ready detail=slm-devicesd attempt=2
[startup-trace] t=5370ms phase=runtime.pulse detail=n=5 rootCount=1 windows=6 snapshot=SLM Desktop visible=0 exposed=0 size=640x480 type=0 | Slm Desktop visible=1 exposed=1 size=960x600 type=0 | SLM Crown Surface visible=1 exposed=1 size=960x36 type=0 | SLM AppDeck Surface visible=1 exposed=1 size=640x480 type=0 | Join Wi-Fi Network visible=0 exposed=0 size=340x317 type=3 | Desktop Notification Manager visible=0 exposed=0 size=396x18 type=0
[startup-trace] t=6369ms phase=runtime.pulse detail=n=6 rootCount=1 windows=6
[startup-trace] t=7367ms phase=runtime.pulse detail=n=7 rootCount=1 windows=6
[startup-trace] t=8368ms phase=runtime.pulse detail=n=8 rootCount=1 windows=6
[startup-trace] t=9368ms phase=runtime.pulse detail=n=9 rootCount=1 windows=6
[startup-trace] t=10523ms phase=runtime.pulse detail=n=10 rootCount=1 windows=6
[startup-trace] t=11369ms phase=runtime.pulse detail=n=11 rootCount=1 windows=6
[startup-trace] t=12374ms phase=runtime.pulse detail=n=12 rootCount=1 windows=6
[startup-trace] t=13368ms phase=runtime.pulse detail=n=13 rootCount=1 windows=6
[startup-trace] t=14368ms phase=runtime.pulse detail=n=14 rootCount=1 windows=6
[startup-trace] t=15369ms phase=runtime.pulse detail=n=15 rootCount=1 windows=6
[startup-trace] t=16368ms phase=runtime.pulse detail=n=16 rootCount=1 windows=6 snapshot=SLM Desktop visible=0 exposed=0 size=640x480 type=0 | Slm Desktop visible=1 exposed=1 size=960x600 type=0 | SLM Crown Surface visible=1 exposed=0 size=640x36 type=0 | SLM AppDeck Surface visible=1 exposed=1 size=640x480 type=0 | Join Wi-Fi Network visible=0 exposed=0 size=340x317 type=3 | Desktop Notification Manager visible=0 exposed=0 size=396x18 type=0
[startup-trace] t=17368ms phase=runtime.pulse detail=n=17 rootCount=1 windows=6
[startup-trace] t=18368ms phase=runtime.pulse detail=n=18 rootCount=1 windows=6
[startup-trace] t=19376ms phase=runtime.pulse detail=n=19 rootCount=1 windows=6
[startup-trace] t=20526ms phase=service.gaveUp detail=slm-settingsd attempt=12
[startup-trace] t=20526ms phase=runtime.pulse detail=n=20 rootCount=1 windows=6
[startup-trace] t=20526ms phase=runtime.pulse.stop
